<?xml version="1.0" encoding="UTF-8"?>
<testng-results skipped="0" failed="0" total="1" passed="1">
  <reporter-output>
  </reporter-output>
  <suite name="Default suite" duration-ms="22996" started-at="2016-07-30T07:12:47Z" finished-at="2016-07-30T07:13:10Z">
    <groups>
    </groups>
    <test name="Default test" duration-ms="22996" started-at="2016-07-30T07:12:47Z" finished-at="2016-07-30T07:13:10Z">
      <class name="com.selenium.Glen.browser.StartIEBrowser">
        <test-method status="PASS" signature="StartBeforeIEBrowser()[pri:0, instance:com.selenium.Glen.browser.StartIEBrowser@1996e15]" name="StartBeforeIEBrowser" is-config="true" duration-ms="6489" started-at="2016-07-30T15:12:47Z" finished-at="2016-07-30T15:12:53Z">
          <reporter-output>
          </reporter-output>
        </test-method> <!-- StartBeforeIEBrowser -->
        <test-method status="PASS" signature="StartIEBr()[pri:0, instance:com.selenium.Glen.browser.StartIEBrowser@1996e15]" name="StartIEBr" duration-ms="16488" started-at="2016-07-30T15:12:53Z" finished-at="2016-07-30T15:13:10Z">
          <reporter-output>
          </reporter-output>
        </test-method> <!-- StartIEBr -->
      </class> <!-- com.selenium.Glen.browser.StartIEBrowser -->
    </test> <!-- Default test -->
  </suite> <!-- Default suite -->
</testng-results>
